{"devicePlatform":"","logFolder":"/Users/edric.dang/Desktop/GoalModelEditor/Reports/Login_Test/20180504_211910","runData":{"hostName":"edric.dang - 192.168.1.102","os":"Mac OS X 64bit","katalonVersion":"5.4.1.1","browser":"Chrome 66.0.3359.139","hostAddress":"192.168.1.102","sessionId":"83248dd1592750e3b58ef6af51fdc722","seleniumVersion":"3.7.1","proxyInformation":"ProxyInformation{proxyOption\u003dNO_PROXY, proxyServerType\u003dHTTP, password\u003d, proxyServerAddress\u003d, proxyServerPort\u003d0}","platform":"Mac OS X"},"type":"TEST_SUITE","name":"Login_Test","id":"Test Suites/Login_Test","source":"","message":"Test Cases/Login_Test_Normal FAILED because (of) Unable to click on object \u0027Object Repository/LoginSeries/Page_My File - Goal Model Editor/button_New Project\u0027 (Root cause: org.openqa.selenium.UnhandledAlertException: unexpected alert open\n  (Session info: chrome\u003d66.0.3359.139)\n  (Driver info: chromedriver\u003d2.35.528157 (4429ca2590d6988c0745c24c8858745aaaec01ef),platform\u003dMac OS X 10.13.4 x86_64) (WARNING: The server did not provide any stacktrace information)\nCommand duration or timeout: 0 milliseconds: null\nBuild info: version: \u00273.7.1\u0027, revision: \u00278a0099a\u0027, time: \u00272017-11-06T21:07:36.161Z\u0027\nSystem info: host: \u0027EdricDangdeMacBook-Pro.local\u0027, ip: \u0027fe80:0:0:0:cd8:c3eb:be5f:c358%en0\u0027, os.name: \u0027Mac OS X\u0027, os.arch: \u0027x86_64\u0027, os.version: \u002710.13.4\u0027, java.version: \u00271.8.0_102\u0027\nDriver info: com.kms.katalon.selenium.driver.CChromeDriver\nCapabilities {acceptInsecureCerts: false, acceptSslCerts: false, applicationCacheEnabled: false, browserConnectionEnabled: false, browserName: chrome, chrome: {chromedriverVersion: 2.35.528157 (4429ca2590d698..., userDataDir: /var/folders/7n/3b897nds79l...}, cssSelectorsEnabled: true, databaseEnabled: false, handlesAlerts: true, hasTouchScreen: false, javascriptEnabled: true, locationContextEnabled: true, mobileEmulationEnabled: false, nativeEvents: true, networkConnectionEnabled: false, pageLoadStrategy: normal, platform: MAC, platformName: MAC, rotatable: false, setWindowRect: true, takesHeapSnapshot: true, takesScreenshot: true, unexpectedAlertBehaviour: , unhandledPromptBehavior: , version: 66.0.3359.139, webStorageEnabled: true}\nSession ID: 6db95630a331085b620cb941ed3ff363\n*** Element info: {Using\u003dxpath, value\u003d//button[@type \u003d \u0027button\u0027 and @id \u003d \u0027newFileButton\u0027 and (text() \u003d \u0027     New Project\n                                 \u0027 or . \u003d \u0027     New Project\n                                 \u0027)]})","description":"","startTime":1525432768763,"endTime":1525432775081,"childRecords":[{"isOptional":false,"type":"TEST_CASE","name":"Test Cases/Login_Test_Normal","id":"Test Cases/Login_Test_Normal","source":"\\\\Users\\\\edric.dang\\\\Desktop\\\\GoalModelEditor\\\\Test Cases\\\\Login_Test_Normal.tc","message":"Test Cases/Login_Test_Normal FAILED because (of) Unable to click on object \u0027Object Repository/LoginSeries/Page_My File - Goal Model Editor/button_New Project\u0027 (Root cause: org.openqa.selenium.UnhandledAlertException: unexpected alert open\n  (Session info: chrome\u003d66.0.3359.139)\n  (Driver info: chromedriver\u003d2.35.528157 (4429ca2590d6988c0745c24c8858745aaaec01ef),platform\u003dMac OS X 10.13.4 x86_64) (WARNING: The server did not provide any stacktrace information)\nCommand duration or timeout: 0 milliseconds: null\nBuild info: version: \u00273.7.1\u0027, revision: \u00278a0099a\u0027, time: \u00272017-11-06T21:07:36.161Z\u0027\nSystem info: host: \u0027EdricDangdeMacBook-Pro.local\u0027, ip: \u0027fe80:0:0:0:cd8:c3eb:be5f:c358%en0\u0027, os.name: \u0027Mac OS X\u0027, os.arch: \u0027x86_64\u0027, os.version: \u002710.13.4\u0027, java.version: \u00271.8.0_102\u0027\nDriver info: com.kms.katalon.selenium.driver.CChromeDriver\nCapabilities {acceptInsecureCerts: false, acceptSslCerts: false, applicationCacheEnabled: false, browserConnectionEnabled: false, browserName: chrome, chrome: {chromedriverVersion: 2.35.528157 (4429ca2590d698..., userDataDir: /var/folders/7n/3b897nds79l...}, cssSelectorsEnabled: true, databaseEnabled: false, handlesAlerts: true, hasTouchScreen: false, javascriptEnabled: true, locationContextEnabled: true, mobileEmulationEnabled: false, nativeEvents: true, networkConnectionEnabled: false, pageLoadStrategy: normal, platform: MAC, platformName: MAC, rotatable: false, setWindowRect: true, takesHeapSnapshot: true, takesScreenshot: true, unexpectedAlertBehaviour: , unhandledPromptBehavior: , version: 66.0.3359.139, webStorageEnabled: true}\nSession ID: 6db95630a331085b620cb941ed3ff363\n*** Element info: {Using\u003dxpath, value\u003d//button[@type \u003d \u0027button\u0027 and @id \u003d \u0027newFileButton\u0027 and (text() \u003d \u0027     New Project\n                                 \u0027 or . \u003d \u0027     New Project\n                                 \u0027)]})","description":"","startTime":1525432768996,"endTime":1525432772538,"childRecords":[{"testStatus":{"stackTrace":"","statusValue":"INFO"},"type":"MESSAGE","name":"","message":"Evaluating variables for test case","startTime":1525432769015,"endTime":0,"childRecords":[],"interuppted":false},{"index":1,"isIgnoredIfFailed":false,"type":"TEST_STEP","name":"openBrowser","message":"Browser is opened with url: \u0027\u0027","description":"","startTime":1525432769227,"endTime":1525432770950,"childRecords":[{"testStatus":{"stackTrace":"","statusValue":"PASSED"},"type":"MESSAGE","name":"","message":"Browser is opened with url: \u0027\u0027","startTime":1525432770948,"endTime":0,"childRecords":[],"interuppted":false}],"interuppted":false},{"index":2,"isIgnoredIfFailed":false,"type":"TEST_STEP","name":"navigateToUrl","message":"Navigate to \u0027https://localhost:8080/\u0027 successfully","description":"","startTime":1525432770952,"endTime":1525432771363,"childRecords":[{"testStatus":{"stackTrace":"","statusValue":"PASSED"},"type":"MESSAGE","name":"","message":"Navigate to \u0027https://localhost:8080/\u0027 successfully","startTime":1525432771362,"endTime":0,"childRecords":[],"interuppted":false}],"interuppted":false},{"index":3,"isIgnoredIfFailed":false,"type":"TEST_STEP","name":"click","message":"Object: \u0027Object Repository/LoginSeries/Page_Goal Model Editor/a_Go to Goal Model Editor\u0027 is clicked on","description":"","startTime":1525432771363,"endTime":1525432771708,"childRecords":[{"testStatus":{"stackTrace":"","statusValue":"PASSED"},"type":"MESSAGE","name":"","message":"Object: \u0027Object Repository/LoginSeries/Page_Goal Model Editor/a_Go to Goal Model Editor\u0027 is clicked on","startTime":1525432771707,"endTime":0,"childRecords":[],"interuppted":false}],"interuppted":false},{"index":4,"isIgnoredIfFailed":false,"type":"TEST_STEP","name":"setText","message":"Text \u0027username4\u0027 is set on object \u0027Object Repository/LoginSeries/Page_Sign in/input_username\u0027","description":"","startTime":1525432771708,"endTime":1525432771835,"childRecords":[{"testStatus":{"stackTrace":"","statusValue":"PASSED"},"type":"MESSAGE","name":"","message":"Text \u0027username4\u0027 is set on object \u0027Object Repository/LoginSeries/Page_Sign in/input_username\u0027","startTime":1525432771835,"endTime":0,"childRecords":[],"interuppted":false}],"interuppted":false},{"index":5,"isIgnoredIfFailed":false,"type":"TEST_STEP","name":"setText","message":"Text \u00271234\u0027 is set on object \u0027Object Repository/LoginSeries/Page_Sign in/input_password\u0027","description":"","startTime":1525432771835,"endTime":1525432771916,"childRecords":[{"testStatus":{"stackTrace":"","statusValue":"PASSED"},"type":"MESSAGE","name":"","message":"Text \u00271234\u0027 is set on object \u0027Object Repository/LoginSeries/Page_Sign in/input_password\u0027","startTime":1525432771915,"endTime":0,"childRecords":[],"interuppted":false}],"interuppted":false},{"index":6,"isIgnoredIfFailed":false,"type":"TEST_STEP","name":"click","message":"Object: \u0027Object Repository/LoginSeries/Page_Sign in/button_Sign in\u0027 is clicked on","description":"","startTime":1525432771916,"endTime":1525432771979,"childRecords":[{"testStatus":{"stackTrace":"","statusValue":"PASSED"},"type":"MESSAGE","name":"","message":"Object: \u0027Object Repository/LoginSeries/Page_Sign in/button_Sign in\u0027 is clicked on","startTime":1525432771979,"endTime":0,"childRecords":[],"interuppted":false}],"interuppted":false},{"index":7,"isIgnoredIfFailed":false,"type":"TEST_STEP","name":"click","message":"Unable to click on object \u0027Object Repository/LoginSeries/Page_My File - Goal Model Editor/button_New Project\u0027 (Root cause: org.openqa.selenium.UnhandledAlertException: unexpected alert open\n  (Session info: chrome\u003d66.0.3359.139)\n  (Driver info: chromedriver\u003d2.35.528157 (4429ca2590d6988c0745c24c8858745aaaec01ef),platform\u003dMac OS X 10.13.4 x86_64) (WARNING: The server did not provide any stacktrace information)\nCommand duration or timeout: 0 milliseconds: null\nBuild info: version: \u00273.7.1\u0027, revision: \u00278a0099a\u0027, time: \u00272017-11-06T21:07:36.161Z\u0027\nSystem info: host: \u0027EdricDangdeMacBook-Pro.local\u0027, ip: \u0027fe80:0:0:0:cd8:c3eb:be5f:c358%en0\u0027, os.name: \u0027Mac OS X\u0027, os.arch: \u0027x86_64\u0027, os.version: \u002710.13.4\u0027, java.version: \u00271.8.0_102\u0027\nDriver info: com.kms.katalon.selenium.driver.CChromeDriver\nCapabilities {acceptInsecureCerts: false, acceptSslCerts: false, applicationCacheEnabled: false, browserConnectionEnabled: false, browserName: chrome, chrome: {chromedriverVersion: 2.35.528157 (4429ca2590d698..., userDataDir: /var/folders/7n/3b897nds79l...}, cssSelectorsEnabled: true, databaseEnabled: false, handlesAlerts: true, hasTouchScreen: false, javascriptEnabled: true, locationContextEnabled: true, mobileEmulationEnabled: false, nativeEvents: true, networkConnectionEnabled: false, pageLoadStrategy: normal, platform: MAC, platformName: MAC, rotatable: false, setWindowRect: true, takesHeapSnapshot: true, takesScreenshot: true, unexpectedAlertBehaviour: , unhandledPromptBehavior: , version: 66.0.3359.139, webStorageEnabled: true}\nSession ID: 6db95630a331085b620cb941ed3ff363\n*** Element info: {Using\u003dxpath, value\u003d//button[@type \u003d \u0027button\u0027 and @id \u003d \u0027newFileButton\u0027 and (text() \u003d \u0027     New Project\n                                 \u0027 or . \u003d \u0027     New Project\n                                 \u0027)]})","description":"","startTime":1525432771979,"endTime":1525432772536,"childRecords":[{"testStatus":{"stackTrace":"","statusValue":"WARNING"},"type":"MESSAGE","name":"","message":"Cannot take screenshot","startTime":1525432772531,"endTime":0,"childRecords":[],"interuppted":false},{"testStatus":{"stackTrace":"","statusValue":"FAILED"},"type":"MESSAGE","name":"","message":"Unable to click on object \u0027Object Repository/LoginSeries/Page_My File - Goal Model Editor/button_New Project\u0027 (Root cause: org.openqa.selenium.UnhandledAlertException: unexpected alert open\n  (Session info: chrome\u003d66.0.3359.139)\n  (Driver info: chromedriver\u003d2.35.528157 (4429ca2590d6988c0745c24c8858745aaaec01ef),platform\u003dMac OS X 10.13.4 x86_64) (WARNING: The server did not provide any stacktrace information)\nCommand duration or timeout: 0 milliseconds: null\nBuild info: version: \u00273.7.1\u0027, revision: \u00278a0099a\u0027, time: \u00272017-11-06T21:07:36.161Z\u0027\nSystem info: host: \u0027EdricDangdeMacBook-Pro.local\u0027, ip: \u0027fe80:0:0:0:cd8:c3eb:be5f:c358%en0\u0027, os.name: \u0027Mac OS X\u0027, os.arch: \u0027x86_64\u0027, os.version: \u002710.13.4\u0027, java.version: \u00271.8.0_102\u0027\nDriver info: com.kms.katalon.selenium.driver.CChromeDriver\nCapabilities {acceptInsecureCerts: false, acceptSslCerts: false, applicationCacheEnabled: false, browserConnectionEnabled: false, browserName: chrome, chrome: {chromedriverVersion: 2.35.528157 (4429ca2590d698..., userDataDir: /var/folders/7n/3b897nds79l...}, cssSelectorsEnabled: true, databaseEnabled: false, handlesAlerts: true, hasTouchScreen: false, javascriptEnabled: true, locationContextEnabled: true, mobileEmulationEnabled: false, nativeEvents: true, networkConnectionEnabled: false, pageLoadStrategy: normal, platform: MAC, platformName: MAC, rotatable: false, setWindowRect: true, takesHeapSnapshot: true, takesScreenshot: true, unexpectedAlertBehaviour: , unhandledPromptBehavior: , version: 66.0.3359.139, webStorageEnabled: true}\nSession ID: 6db95630a331085b620cb941ed3ff363\n*** Element info: {Using\u003dxpath, value\u003d//button[@type \u003d \u0027button\u0027 and @id \u003d \u0027newFileButton\u0027 and (text() \u003d \u0027     New Project\n                                 \u0027 or . \u003d \u0027     New Project\n                                 \u0027)]})","startTime":1525432772535,"endTime":0,"childRecords":[],"interuppted":false}],"interuppted":false},{"testStatus":{"stackTrace":"","statusValue":"FAILED"},"type":"MESSAGE","name":"","message":"Test Cases/Login_Test_Normal FAILED because (of) Unable to click on object \u0027Object Repository/LoginSeries/Page_My File - Goal Model Editor/button_New Project\u0027 (Root cause: org.openqa.selenium.UnhandledAlertException: unexpected alert open\n  (Session info: chrome\u003d66.0.3359.139)\n  (Driver info: chromedriver\u003d2.35.528157 (4429ca2590d6988c0745c24c8858745aaaec01ef),platform\u003dMac OS X 10.13.4 x86_64) (WARNING: The server did not provide any stacktrace information)\nCommand duration or timeout: 0 milliseconds: null\nBuild info: version: \u00273.7.1\u0027, revision: \u00278a0099a\u0027, time: \u00272017-11-06T21:07:36.161Z\u0027\nSystem info: host: \u0027EdricDangdeMacBook-Pro.local\u0027, ip: \u0027fe80:0:0:0:cd8:c3eb:be5f:c358%en0\u0027, os.name: \u0027Mac OS X\u0027, os.arch: \u0027x86_64\u0027, os.version: \u002710.13.4\u0027, java.version: \u00271.8.0_102\u0027\nDriver info: com.kms.katalon.selenium.driver.CChromeDriver\nCapabilities {acceptInsecureCerts: false, acceptSslCerts: false, applicationCacheEnabled: false, browserConnectionEnabled: false, browserName: chrome, chrome: {chromedriverVersion: 2.35.528157 (4429ca2590d698..., userDataDir: /var/folders/7n/3b897nds79l...}, cssSelectorsEnabled: true, databaseEnabled: false, handlesAlerts: true, hasTouchScreen: false, javascriptEnabled: true, locationContextEnabled: true, mobileEmulationEnabled: false, nativeEvents: true, networkConnectionEnabled: false, pageLoadStrategy: normal, platform: MAC, platformName: MAC, rotatable: false, setWindowRect: true, takesHeapSnapshot: true, takesScreenshot: true, unexpectedAlertBehaviour: , unhandledPromptBehavior: , version: 66.0.3359.139, webStorageEnabled: true}\nSession ID: 6db95630a331085b620cb941ed3ff363\n*** Element info: {Using\u003dxpath, value\u003d//button[@type \u003d \u0027button\u0027 and @id \u003d \u0027newFileButton\u0027 and (text() \u003d \u0027     New Project\n                                 \u0027 or . \u003d \u0027     New Project\n                                 \u0027)]})","startTime":1525432772536,"endTime":0,"childRecords":[],"interuppted":false}],"interuppted":false},{"isOptional":false,"type":"TEST_CASE","name":"Test Cases/Login_Test_Wrong_Username_Password","id":"Test Cases/Login_Test_Wrong_Username_Password","source":"\\\\Users\\\\edric.dang\\\\Desktop\\\\GoalModelEditor\\\\Test Cases\\\\Login_Test_Wrong_Username_Password.tc","message":"Test Cases/Login_Test_Wrong_Username_Password","description":"","startTime":1525432772540,"endTime":1525432775062,"childRecords":[{"testStatus":{"stackTrace":"","statusValue":"INFO"},"type":"MESSAGE","name":"","message":"Evaluating variables for test case","startTime":1525432772547,"endTime":0,"childRecords":[],"interuppted":false},{"index":1,"isIgnoredIfFailed":false,"type":"TEST_STEP","name":"openBrowser","message":"Browser is opened with url: \u0027\u0027","description":"","startTime":1525432772657,"endTime":1525432773432,"childRecords":[{"testStatus":{"stackTrace":"","statusValue":"WARNING"},"type":"MESSAGE","name":"","message":"A browser is already opened. Closing browser and opening a new one","startTime":1525432772659,"endTime":0,"childRecords":[],"interuppted":false},{"testStatus":{"stackTrace":"","statusValue":"PASSED"},"type":"MESSAGE","name":"","message":"Browser is opened with url: \u0027\u0027","startTime":1525432773431,"endTime":0,"childRecords":[],"interuppted":false}],"interuppted":false},{"index":2,"isIgnoredIfFailed":false,"type":"TEST_STEP","name":"navigateToUrl","message":"Navigate to \u0027https://localhost:8080/\u0027 successfully","description":"","startTime":1525432773432,"endTime":1525432773831,"childRecords":[{"testStatus":{"stackTrace":"","statusValue":"PASSED"},"type":"MESSAGE","name":"","message":"Navigate to \u0027https://localhost:8080/\u0027 successfully","startTime":1525432773829,"endTime":0,"childRecords":[],"interuppted":false}],"interuppted":false},{"index":3,"isIgnoredIfFailed":false,"type":"TEST_STEP","name":"click","message":"Object: \u0027Object Repository/LoginSeries/Page_Goal Model Editor/a_Go to Goal Model Editor\u0027 is clicked on","description":"","startTime":1525432773831,"endTime":1525432774174,"childRecords":[{"testStatus":{"stackTrace":"","statusValue":"PASSED"},"type":"MESSAGE","name":"","message":"Object: \u0027Object Repository/LoginSeries/Page_Goal Model Editor/a_Go to Goal Model Editor\u0027 is clicked on","startTime":1525432774173,"endTime":0,"childRecords":[],"interuppted":false}],"interuppted":false},{"index":4,"isIgnoredIfFailed":false,"type":"TEST_STEP","name":"setText","message":"Text \u0027username4\u0027 is set on object \u0027Object Repository/LoginSeries/Page_Sign in/input_username\u0027","description":"","startTime":1525432774174,"endTime":1525432774298,"childRecords":[{"testStatus":{"stackTrace":"","statusValue":"PASSED"},"type":"MESSAGE","name":"","message":"Text \u0027username4\u0027 is set on object \u0027Object Repository/LoginSeries/Page_Sign in/input_username\u0027","startTime":1525432774297,"endTime":0,"childRecords":[],"interuppted":false}],"interuppted":false},{"index":5,"isIgnoredIfFailed":false,"type":"TEST_STEP","name":"setText","message":"Text \u0027123\u0027 is set on object \u0027Object Repository/LoginSeries/Page_Sign in/input_password\u0027","description":"","startTime":1525432774298,"endTime":1525432774377,"childRecords":[{"testStatus":{"stackTrace":"","statusValue":"PASSED"},"type":"MESSAGE","name":"","message":"Text \u0027123\u0027 is set on object \u0027Object Repository/LoginSeries/Page_Sign in/input_password\u0027","startTime":1525432774376,"endTime":0,"childRecords":[],"interuppted":false}],"interuppted":false},{"index":6,"isIgnoredIfFailed":false,"type":"TEST_STEP","name":"click","message":"Object: \u0027Object Repository/LoginSeries/Page_Sign in/button_Sign in\u0027 is clicked on","description":"","startTime":1525432774377,"endTime":1525432774446,"childRecords":[{"testStatus":{"stackTrace":"","statusValue":"PASSED"},"type":"MESSAGE","name":"","message":"Object: \u0027Object Repository/LoginSeries/Page_Sign in/button_Sign in\u0027 is clicked on","startTime":1525432774445,"endTime":0,"childRecords":[],"interuppted":false}],"interuppted":false},{"index":7,"isIgnoredIfFailed":false,"type":"TEST_STEP","name":"verifyAlertPresent","message":"Alert is present after 30 second(s).","description":"","startTime":1525432774446,"endTime":1525432774971,"childRecords":[{"testStatus":{"stackTrace":"","statusValue":"WARNING"},"type":"MESSAGE","name":"","message":"Timeout \u00270\u0027 is invalid. Using default page load timeout: \u002730\u0027","startTime":1525432774454,"endTime":0,"childRecords":[],"interuppted":false},{"testStatus":{"stackTrace":"","statusValue":"PASSED"},"type":"MESSAGE","name":"","message":"Alert is present after 30 second(s).","startTime":1525432774970,"endTime":0,"childRecords":[],"interuppted":false}],"interuppted":false},{"index":8,"isIgnoredIfFailed":false,"type":"TEST_STEP","name":"closeBrowser","message":"Browser is closed","description":"","startTime":1525432774971,"endTime":1525432775061,"childRecords":[{"testStatus":{"stackTrace":"","statusValue":"PASSED"},"type":"MESSAGE","name":"","message":"Browser is closed","startTime":1525432775061,"endTime":0,"childRecords":[],"interuppted":false}],"interuppted":false},{"testStatus":{"stackTrace":"","statusValue":"PASSED"},"type":"MESSAGE","name":"","message":"Test Cases/Login_Test_Wrong_Username_Password","startTime":1525432775062,"endTime":0,"childRecords":[],"interuppted":false}],"interuppted":false}],"interuppted":false}